0 verbose cli C:\Program Files\nodejs\node.exe C:\Program Files\nodejs\node_modules\npm\bin\npm-cli.js
1 info using npm@10.9.3
2 info using node@v22.19.0
3 silly config load:file:C:\Program Files\nodejs\node_modules\npm\npmrc
4 silly config load:file:C:\Users\d9955\.npmrc
5 silly config load:file:C:\Users\d9955\AppData\Roaming\npm\etc\npmrc
6 verbose title npm install @railway/cli
7 verbose argv "install" "--global" "@railway/cli"
8 verbose logfile logs-max:10 dir:C:\Users\d9955\CascadeProjects\KARMABOT1-fixed\karmabot-odoo-module\.npm-cache\_logs\2025-09-17T06_54_43_375Z-
9 verbose logfile C:\Users\d9955\CascadeProjects\KARMABOT1-fixed\karmabot-odoo-module\.npm-cache\_logs\2025-09-17T06_54_43_375Z-debug-0.log
10 silly packumentCache heap:4345298944 maxSize:1086324736 maxEntrySize:543162368
11 silly logfile done cleaning log files
12 silly idealTree buildDeps
13 silly fetch manifest @railway/cli@*
14 silly packumentCache full:https://registry.npmjs.org/@railway%2fcli cache-miss
15 http fetch GET 200 https://registry.npmjs.org/npm 448ms
16 http fetch GET 200 https://registry.npmjs.org/@railway%2fcli 1720ms (cache miss)
17 silly packumentCache full:https://registry.npmjs.org/@railway%2fcli set size:undefined disposed:false
18 silly placeDep ROOT @railway/cli@4.8.0 OK for:  want: *
19 silly fetch manifest @napi-rs/triples@^1.1.0
20 silly packumentCache full:https://registry.npmjs.org/@napi-rs%2ftriples cache-miss
21 silly fetch manifest node-fetch@^3.1.0
22 silly packumentCache full:https://registry.npmjs.org/node-fetch cache-miss
23 silly fetch manifest tar@^6.1.11
24 silly packumentCache full:https://registry.npmjs.org/tar cache-miss
25 http fetch GET 200 https://registry.npmjs.org/node-fetch 174ms (cache miss)
26 silly packumentCache full:https://registry.npmjs.org/node-fetch set size:undefined disposed:false
27 http fetch GET 200 https://registry.npmjs.org/tar 277ms (cache miss)
28 silly packumentCache full:https://registry.npmjs.org/tar set size:undefined disposed:false
29 http fetch GET 200 https://registry.npmjs.org/@napi-rs%2ftriples 1110ms (cache miss)
30 silly packumentCache full:https://registry.npmjs.org/@napi-rs%2ftriples set size:undefined disposed:false
31 silly placeDep node_modules/@railway/cli @napi-rs/triples@1.2.0 OK for: @railway/cli@4.8.0 want: ^1.1.0
32 silly placeDep node_modules/@railway/cli node-fetch@3.3.2 OK for: @railway/cli@4.8.0 want: ^3.1.0
33 silly placeDep node_modules/@railway/cli tar@6.2.1 OK for: @railway/cli@4.8.0 want: ^6.1.11
34 silly fetch manifest data-uri-to-buffer@^4.0.0
35 silly packumentCache full:https://registry.npmjs.org/data-uri-to-buffer cache-miss
36 silly fetch manifest fetch-blob@^3.1.4
37 silly packumentCache full:https://registry.npmjs.org/fetch-blob cache-miss
38 silly fetch manifest formdata-polyfill@^4.0.10
39 silly packumentCache full:https://registry.npmjs.org/formdata-polyfill cache-miss
40 silly fetch manifest chownr@^2.0.0
41 silly packumentCache full:https://registry.npmjs.org/chownr cache-miss
42 silly fetch manifest mkdirp@^1.0.3
43 silly packumentCache full:https://registry.npmjs.org/mkdirp cache-miss
44 silly fetch manifest yallist@^4.0.0
45 silly packumentCache full:https://registry.npmjs.org/yallist cache-miss
46 silly fetch manifest minipass@^5.0.0
47 silly packumentCache full:https://registry.npmjs.org/minipass cache-miss
48 silly fetch manifest minizlib@^2.1.1
49 silly packumentCache full:https://registry.npmjs.org/minizlib cache-miss
50 silly fetch manifest fs-minipass@^2.0.0
51 silly packumentCache full:https://registry.npmjs.org/fs-minipass cache-miss
52 http fetch GET 200 https://registry.npmjs.org/data-uri-to-buffer 117ms (cache miss)
53 silly packumentCache full:https://registry.npmjs.org/data-uri-to-buffer set size:undefined disposed:false
54 http fetch GET 200 https://registry.npmjs.org/formdata-polyfill 153ms (cache miss)
55 silly packumentCache full:https://registry.npmjs.org/formdata-polyfill set size:undefined disposed:false
56 http fetch GET 200 https://registry.npmjs.org/fetch-blob 161ms (cache miss)
57 silly packumentCache full:https://registry.npmjs.org/fetch-blob set size:undefined disposed:false
58 http fetch GET 200 https://registry.npmjs.org/yallist 208ms (cache miss)
59 silly packumentCache full:https://registry.npmjs.org/yallist set size:undefined disposed:false
60 http fetch GET 200 https://registry.npmjs.org/fs-minipass 231ms (cache miss)
61 silly packumentCache full:https://registry.npmjs.org/fs-minipass set size:undefined disposed:false
62 http fetch GET 200 https://registry.npmjs.org/mkdirp 236ms (cache miss)
63 silly packumentCache full:https://registry.npmjs.org/mkdirp set size:undefined disposed:false
64 http fetch GET 200 https://registry.npmjs.org/minizlib 253ms (cache miss)
65 silly packumentCache full:https://registry.npmjs.org/minizlib set size:undefined disposed:false
66 http fetch GET 200 https://registry.npmjs.org/chownr 261ms (cache miss)
67 silly packumentCache full:https://registry.npmjs.org/chownr set size:undefined disposed:false
68 http fetch GET 200 https://registry.npmjs.org/minipass 427ms (cache miss)
69 silly packumentCache full:https://registry.npmjs.org/minipass set size:undefined disposed:false
70 silly placeDep node_modules/@railway/cli data-uri-to-buffer@4.0.1 OK for: node-fetch@3.3.2 want: ^4.0.0
71 silly placeDep node_modules/@railway/cli fetch-blob@3.2.0 OK for: node-fetch@3.3.2 want: ^3.1.4
72 silly placeDep node_modules/@railway/cli formdata-polyfill@4.0.10 OK for: node-fetch@3.3.2 want: ^4.0.10
73 silly fetch manifest node-domexception@^1.0.0
74 silly packumentCache full:https://registry.npmjs.org/node-domexception cache-miss
75 silly fetch manifest web-streams-polyfill@^3.0.3
76 silly packumentCache full:https://registry.npmjs.org/web-streams-polyfill cache-miss
77 http fetch GET 200 https://registry.npmjs.org/node-domexception 144ms (cache miss)
78 silly packumentCache full:https://registry.npmjs.org/node-domexception set size:undefined disposed:false
79 http fetch GET 200 https://registry.npmjs.org/web-streams-polyfill 163ms (cache miss)
80 silly packumentCache full:https://registry.npmjs.org/web-streams-polyfill set size:undefined disposed:false
81 silly placeDep node_modules/@railway/cli node-domexception@1.0.0 OK for: fetch-blob@3.2.0 want: ^1.0.0
82 silly placeDep node_modules/@railway/cli web-streams-polyfill@3.3.3 OK for: fetch-blob@3.2.0 want: ^3.0.3
83 silly placeDep node_modules/@railway/cli chownr@2.0.0 OK for: tar@6.2.1 want: ^2.0.0
84 silly placeDep node_modules/@railway/cli fs-minipass@2.1.0 OK for: tar@6.2.1 want: ^2.0.0
85 silly placeDep node_modules/@railway/cli minipass@5.0.0 OK for: tar@6.2.1 want: ^5.0.0
86 silly placeDep node_modules/@railway/cli minizlib@2.1.2 OK for: tar@6.2.1 want: ^2.1.1
87 silly placeDep node_modules/@railway/cli mkdirp@1.0.4 OK for: tar@6.2.1 want: ^1.0.3
88 silly placeDep node_modules/@railway/cli yallist@4.0.0 OK for: tar@6.2.1 want: ^4.0.0
89 silly fetch manifest minipass@^3.0.0
90 silly packumentCache full:https://registry.npmjs.org/minipass cache-miss
91 silly fetch manifest minipass@^3.0.0
92 silly packumentCache full:https://registry.npmjs.org/minipass cache-miss
93 http cache https://registry.npmjs.org/minipass 7ms (cache hit)
94 silly packumentCache full:https://registry.npmjs.org/minipass set size:490195 disposed:false
95 http cache https://registry.npmjs.org/minipass 12ms (cache hit)
96 silly packumentCache full:https://registry.npmjs.org/minipass set size:490195 disposed:false
97 silly packumentCache full:https://registry.npmjs.org/minipass dispose
98 silly placeDep node_modules/@railway/cli/node_modules/fs-minipass minipass@3.3.6 OK for: fs-minipass@2.1.0 want: ^3.0.0
99 silly placeDep node_modules/@railway/cli/node_modules/minizlib minipass@3.3.6 OK for: minizlib@2.1.2 want: ^3.0.0
100 silly reify mark retired [
100 silly reify   'C:\\Users\\d9955\\AppData\\Roaming\\npm\\node_modules\\@railway\\cli',
100 silly reify   'C:\\Users\\d9955\\AppData\\Roaming\\npm\\railway',
100 silly reify   'C:\\Users\\d9955\\AppData\\Roaming\\npm\\railway.cmd',
100 silly reify   'C:\\Users\\d9955\\AppData\\Roaming\\npm\\railway.ps1'
100 silly reify ]
101 silly reify moves {
101 silly reify   'C:\\Users\\d9955\\AppData\\Roaming\\npm\\node_modules\\@railway\\cli': 'C:\\Users\\d9955\\AppData\\Roaming\\npm\\node_modules\\@railway\\.cli-SoJPji4f',
101 silly reify   'C:\\Users\\d9955\\AppData\\Roaming\\npm\\railway': 'C:\\Users\\d9955\\AppData\\Roaming\\npm\\.railway-LOgw2ldm',
101 silly reify   'C:\\Users\\d9955\\AppData\\Roaming\\npm\\railway.cmd': 'C:\\Users\\d9955\\AppData\\Roaming\\npm\\.railway.cmd-zOrjBEIX',
101 silly reify   'C:\\Users\\d9955\\AppData\\Roaming\\npm\\railway.ps1': 'C:\\Users\\d9955\\AppData\\Roaming\\npm\\.railway.ps1-WLTQZhZV'
101 silly reify }
102 http cache @railway/cli@https://registry.npmjs.org/@railway/cli/-/cli-4.8.0.tgz 0ms (cache hit)
103 http cache @napi-rs/triples@https://registry.npmjs.org/@napi-rs/triples/-/triples-1.2.0.tgz 0ms (cache hit)
104 http cache mkdirp@https://registry.npmjs.org/mkdirp/-/mkdirp-1.0.4.tgz 0ms (cache hit)
105 http cache minipass@https://registry.npmjs.org/minipass/-/minipass-5.0.0.tgz 0ms (cache hit)
106 http cache web-streams-polyfill@https://registry.npmjs.org/web-streams-polyfill/-/web-streams-polyfill-3.3.3.tgz 0ms (cache hit)
107 http cache data-uri-to-buffer@https://registry.npmjs.org/data-uri-to-buffer/-/data-uri-to-buffer-4.0.1.tgz 0ms (cache hit)
108 http cache node-domexception@https://registry.npmjs.org/node-domexception/-/node-domexception-1.0.0.tgz 0ms (cache hit)
109 http cache node-fetch@https://registry.npmjs.org/node-fetch/-/node-fetch-3.3.2.tgz 0ms (cache hit)
110 http cache yallist@https://registry.npmjs.org/yallist/-/yallist-4.0.0.tgz 0ms (cache hit)
111 http cache tar@https://registry.npmjs.org/tar/-/tar-6.2.1.tgz 0ms (cache hit)
112 http cache minipass@https://registry.npmjs.org/minipass/-/minipass-3.3.6.tgz 0ms (cache hit)
113 http cache formdata-polyfill@https://registry.npmjs.org/formdata-polyfill/-/formdata-polyfill-4.0.10.tgz 0ms (cache hit)
114 http cache minizlib@https://registry.npmjs.org/minizlib/-/minizlib-2.1.2.tgz 0ms (cache hit)
115 http cache chownr@https://registry.npmjs.org/chownr/-/chownr-2.0.0.tgz 0ms (cache hit)
116 http cache fs-minipass@https://registry.npmjs.org/fs-minipass/-/fs-minipass-2.1.0.tgz 0ms (cache hit)
117 silly tarball no local data for @railway/cli@https://registry.npmjs.org/@railway/cli/-/cli-4.8.0.tgz. Extracting by manifest.
118 silly tarball no local data for @napi-rs/triples@https://registry.npmjs.org/@napi-rs/triples/-/triples-1.2.0.tgz. Extracting by manifest.
119 silly tarball no local data for mkdirp@https://registry.npmjs.org/mkdirp/-/mkdirp-1.0.4.tgz. Extracting by manifest.
120 http cache minipass@https://registry.npmjs.org/minipass/-/minipass-3.3.6.tgz 0ms (cache hit)
121 silly tarball no local data for minipass@https://registry.npmjs.org/minipass/-/minipass-5.0.0.tgz. Extracting by manifest.
122 silly tarball no local data for web-streams-polyfill@https://registry.npmjs.org/web-streams-polyfill/-/web-streams-polyfill-3.3.3.tgz. Extracting by manifest.
123 silly tarball no local data for data-uri-to-buffer@https://registry.npmjs.org/data-uri-to-buffer/-/data-uri-to-buffer-4.0.1.tgz. Extracting by manifest.
124 silly tarball no local data for node-domexception@https://registry.npmjs.org/node-domexception/-/node-domexception-1.0.0.tgz. Extracting by manifest.
125 silly tarball no local data for node-fetch@https://registry.npmjs.org/node-fetch/-/node-fetch-3.3.2.tgz. Extracting by manifest.
126 silly tarball no local data for yallist@https://registry.npmjs.org/yallist/-/yallist-4.0.0.tgz. Extracting by manifest.
127 silly tarball no local data for tar@https://registry.npmjs.org/tar/-/tar-6.2.1.tgz. Extracting by manifest.
128 silly tarball no local data for minipass@https://registry.npmjs.org/minipass/-/minipass-3.3.6.tgz. Extracting by manifest.
129 silly tarball no local data for formdata-polyfill@https://registry.npmjs.org/formdata-polyfill/-/formdata-polyfill-4.0.10.tgz. Extracting by manifest.
130 silly tarball no local data for minizlib@https://registry.npmjs.org/minizlib/-/minizlib-2.1.2.tgz. Extracting by manifest.
131 silly tarball no local data for chownr@https://registry.npmjs.org/chownr/-/chownr-2.0.0.tgz. Extracting by manifest.
132 http cache fetch-blob@https://registry.npmjs.org/fetch-blob/-/fetch-blob-3.2.0.tgz 0ms (cache hit)
133 silly tarball no local data for fs-minipass@https://registry.npmjs.org/fs-minipass/-/fs-minipass-2.1.0.tgz. Extracting by manifest.
134 silly tarball no local data for minipass@https://registry.npmjs.org/minipass/-/minipass-3.3.6.tgz. Extracting by manifest.
135 silly tarball no local data for fetch-blob@https://registry.npmjs.org/fetch-blob/-/fetch-blob-3.2.0.tgz. Extracting by manifest.
136 http fetch GET 200 https://registry.npmjs.org/yallist/-/yallist-4.0.0.tgz 112ms (cache miss)
137 http fetch GET 200 https://registry.npmjs.org/node-domexception/-/node-domexception-1.0.0.tgz 115ms (cache miss)
138 http fetch GET 200 https://registry.npmjs.org/data-uri-to-buffer/-/data-uri-to-buffer-4.0.1.tgz 126ms (cache miss)
139 http fetch GET 200 https://registry.npmjs.org/minipass/-/minipass-5.0.0.tgz 134ms (cache miss)
140 http fetch GET 200 https://registry.npmjs.org/mkdirp/-/mkdirp-1.0.4.tgz 138ms (cache miss)
141 http fetch GET 200 https://registry.npmjs.org/node-fetch/-/node-fetch-3.3.2.tgz 146ms (cache miss)
142 http fetch GET 200 https://registry.npmjs.org/minipass/-/minipass-3.3.6.tgz 144ms (cache miss)
143 warn deprecated node-domexception@1.0.0: Use your platform's native DOMException instead
144 http fetch GET 200 https://registry.npmjs.org/fetch-blob/-/fetch-blob-3.2.0.tgz 188ms (cache miss)
145 http fetch GET 200 https://registry.npmjs.org/chownr/-/chownr-2.0.0.tgz 196ms (cache miss)
146 http fetch GET 200 https://registry.npmjs.org/minipass/-/minipass-3.3.6.tgz 206ms (cache miss)
147 http fetch GET 200 https://registry.npmjs.org/fs-minipass/-/fs-minipass-2.1.0.tgz 209ms (cache miss)
148 http fetch GET 200 https://registry.npmjs.org/formdata-polyfill/-/formdata-polyfill-4.0.10.tgz 217ms (cache miss)
149 http fetch GET 200 https://registry.npmjs.org/minizlib/-/minizlib-2.1.2.tgz 233ms (cache miss)
150 http fetch GET 200 https://registry.npmjs.org/tar/-/tar-6.2.1.tgz 257ms (cache miss)
151 http fetch GET 200 https://registry.npmjs.org/web-streams-polyfill/-/web-streams-polyfill-3.3.3.tgz 344ms (cache miss)
152 http fetch GET 200 https://registry.npmjs.org/@napi-rs/triples/-/triples-1.2.0.tgz 863ms (cache miss)
153 http fetch GET 200 https://registry.npmjs.org/@railway/cli/-/cli-4.8.0.tgz 974ms (cache miss)
154 info run @railway/cli@4.8.0 postinstall node_modules/@railway/cli node ./npm-install/postinstall.js
155 info run @railway/cli@4.8.0 postinstall { code: 0, signal: null }
156 warn cleanup Failed to remove some directories [
156 warn cleanup   [
156 warn cleanup     'C:\\Users\\d9955\\AppData\\Roaming\\npm\\node_modules\\@railway\\.cli-SoJPji4f',
156 warn cleanup     [Error: EPERM: operation not permitted, unlink 'C:\Users\d9955\AppData\Roaming\npm\node_modules\@railway\.cli-SoJPji4f\bin\railway.exe'] {
156 warn cleanup       errno: -4048,
156 warn cleanup       code: 'EPERM',
156 warn cleanup       syscall: 'unlink',
156 warn cleanup       path: 'C:\\Users\\d9955\\AppData\\Roaming\\npm\\node_modules\\@railway\\.cli-SoJPji4f\\bin\\railway.exe'
156 warn cleanup     }
156 warn cleanup   ]
156 warn cleanup ]
157 silly CHANGE node_modules/@railway/cli
158 silly CHANGE node_modules/@railway/cli/node_modules/@napi-rs/triples
159 silly CHANGE node_modules/@railway/cli/node_modules/mkdirp
160 silly CHANGE node_modules/@railway/cli/node_modules/minipass
161 silly CHANGE node_modules/@railway/cli/node_modules/data-uri-to-buffer
162 silly CHANGE node_modules/@railway/cli/node_modules/web-streams-polyfill
163 silly CHANGE node_modules/@railway/cli/node_modules/yallist
164 silly CHANGE node_modules/@railway/cli/node_modules/node-domexception
165 silly CHANGE node_modules/@railway/cli/node_modules/node-fetch
166 silly CHANGE node_modules/@railway/cli/node_modules/tar
167 silly CHANGE node_modules/@railway/cli/node_modules/formdata-polyfill
168 silly CHANGE node_modules/@railway/cli/node_modules/minizlib
169 silly CHANGE node_modules/@railway/cli/node_modules/minizlib/node_modules/minipass
170 silly CHANGE node_modules/@railway/cli/node_modules/chownr
171 silly CHANGE node_modules/@railway/cli/node_modules/fs-minipass
172 silly CHANGE node_modules/@railway/cli/node_modules/fs-minipass/node_modules/minipass
173 silly CHANGE node_modules/@railway/cli/node_modules/fetch-blob
174 verbose cwd C:\Users\d9955\CascadeProjects\KARMABOT1-fixed\karmabot-odoo-module
175 verbose os Windows_NT 10.0.26100
176 verbose node v22.19.0
177 verbose npm  v10.9.3
178 notice
178 notice New [31mmajor[39m version of npm available! [31m10.9.3[39m -> [34m11.6.0[39m
178 notice Changelog: [34mhttps://github.com/npm/cli/releases/tag/v11.6.0[39m
178 notice To update run: [4mnpm install -g npm@11.6.0[24m
178 notice  { force: true, [Symbol(proc-log.meta)]: true }
179 verbose exit 0
180 info ok
